C:\USERS\JJ\DOCUMENTS\VISUAL STUDIO 2012\PROJECTS\SFML_PLATFORMER - PHYSICS\SFML_PLATFORMER\RELEASE\SFML_PLATFORMER.PCH
C:\USERS\JJ\DOCUMENTS\VISUAL STUDIO 2012\PROJECTS\SFML_PLATFORMER - PHYSICS\SFML_PLATFORMER\RELEASE\STDAFX.OBJ
C:\USERS\JJ\DOCUMENTS\VISUAL STUDIO 2012\PROJECTS\SFML_PLATFORMER - PHYSICS\SFML_PLATFORMER\RELEASE\VC110.PDB
C:\USERS\JJ\DOCUMENTS\VISUAL STUDIO 2012\PROJECTS\SFML_PLATFORMER - PHYSICS\SFML_PLATFORMER\RELEASE\VISIBLEGAMEOBJECT.OBJ
C:\USERS\JJ\DOCUMENTS\VISUAL STUDIO 2012\PROJECTS\SFML_PLATFORMER - PHYSICS\SFML_PLATFORMER\RELEASE\SPLASHSCREEN.OBJ
C:\USERS\JJ\DOCUMENTS\VISUAL STUDIO 2012\PROJECTS\SFML_PLATFORMER - PHYSICS\SFML_PLATFORMER\RELEASE\SFML_PLATFORMER.OBJ
C:\USERS\JJ\DOCUMENTS\VISUAL STUDIO 2012\PROJECTS\SFML_PLATFORMER - PHYSICS\SFML_PLATFORMER\RELEASE\PLAYERHERO.OBJ
C:\USERS\JJ\DOCUMENTS\VISUAL STUDIO 2012\PROJECTS\SFML_PLATFORMER - PHYSICS\SFML_PLATFORMER\RELEASE\PLATFORM.OBJ
C:\USERS\JJ\DOCUMENTS\VISUAL STUDIO 2012\PROJECTS\SFML_PLATFORMER - PHYSICS\SFML_PLATFORMER\RELEASE\NEWTONIANOBJECT.OBJ
C:\USERS\JJ\DOCUMENTS\VISUAL STUDIO 2012\PROJECTS\SFML_PLATFORMER - PHYSICS\SFML_PLATFORMER\RELEASE\MAINMENU.OBJ
C:\USERS\JJ\DOCUMENTS\VISUAL STUDIO 2012\PROJECTS\SFML_PLATFORMER - PHYSICS\SFML_PLATFORMER\RELEASE\GAMEOBJECTMANAGER.OBJ
C:\USERS\JJ\DOCUMENTS\VISUAL STUDIO 2012\PROJECTS\SFML_PLATFORMER - PHYSICS\SFML_PLATFORMER\RELEASE\GAME.OBJ
C:\USERS\JJ\DOCUMENTS\VISUAL STUDIO 2012\PROJECTS\SFML_PLATFORMER - PHYSICS\RELEASE\SFML_PLATFORMER.EXE
C:\USERS\JJ\DOCUMENTS\VISUAL STUDIO 2012\PROJECTS\SFML_PLATFORMER - PHYSICS\RELEASE\SFML_PLATFORMER.PDB
C:\Users\JJ\Documents\Visual Studio 2012\Projects\SFML_Platformer - physics\SFML_Platformer\Release\Game.obj
C:\Users\JJ\Documents\Visual Studio 2012\Projects\SFML_Platformer - physics\SFML_Platformer\Release\GameObjectManager.obj
C:\Users\JJ\Documents\Visual Studio 2012\Projects\SFML_Platformer - physics\SFML_Platformer\Release\MainMenu.obj
C:\Users\JJ\Documents\Visual Studio 2012\Projects\SFML_Platformer - physics\SFML_Platformer\Release\NewtonianObject.obj
C:\Users\JJ\Documents\Visual Studio 2012\Projects\SFML_Platformer - physics\SFML_Platformer\Release\Platform.obj
C:\Users\JJ\Documents\Visual Studio 2012\Projects\SFML_Platformer - physics\SFML_Platformer\Release\PlayerHero.obj
C:\Users\JJ\Documents\Visual Studio 2012\Projects\SFML_Platformer - physics\SFML_Platformer\Release\SFML_Platformer.obj
C:\Users\JJ\Documents\Visual Studio 2012\Projects\SFML_Platformer - physics\SFML_Platformer\Release\SplashScreen.obj
C:\Users\JJ\Documents\Visual Studio 2012\Projects\SFML_Platformer - physics\SFML_Platformer\Release\stdafx.obj
C:\Users\JJ\Documents\Visual Studio 2012\Projects\SFML_Platformer - physics\SFML_Platformer\Release\VisibleGameObject.obj
C:\Users\JJ\Documents\Visual Studio 2012\Projects\SFML_Platformer - physics\SFML_Platformer\Release\cl.command.1.tlog
C:\Users\JJ\Documents\Visual Studio 2012\Projects\SFML_Platformer - physics\SFML_Platformer\Release\CL.read.1.tlog
C:\Users\JJ\Documents\Visual Studio 2012\Projects\SFML_Platformer - physics\SFML_Platformer\Release\CL.write.1.tlog
C:\Users\JJ\Documents\Visual Studio 2012\Projects\SFML_Platformer - physics\SFML_Platformer\Release\link-cvtres.read.1.tlog
C:\Users\JJ\Documents\Visual Studio 2012\Projects\SFML_Platformer - physics\SFML_Platformer\Release\link-cvtres.write.1.tlog
C:\Users\JJ\Documents\Visual Studio 2012\Projects\SFML_Platformer - physics\SFML_Platformer\Release\link-rc.read.1.tlog
C:\Users\JJ\Documents\Visual Studio 2012\Projects\SFML_Platformer - physics\SFML_Platformer\Release\link-rc.write.1.tlog
C:\Users\JJ\Documents\Visual Studio 2012\Projects\SFML_Platformer - physics\SFML_Platformer\Release\link.command.1.tlog
C:\Users\JJ\Documents\Visual Studio 2012\Projects\SFML_Platformer - physics\SFML_Platformer\Release\link.read.1.tlog
C:\Users\JJ\Documents\Visual Studio 2012\Projects\SFML_Platformer - physics\SFML_Platformer\Release\link.write.1.tlog
C:\Users\JJ\Documents\Visual Studio 2012\Projects\SFML_Platformer - physics\SFML_Platformer\Release\SFML_Platformer.pch
C:\Users\JJ\Documents\Visual Studio 2012\Projects\SFML_Platformer - physics\SFML_Platformer\Release\vc110.pdb
C:\Users\JJ\Documents\Visual Studio 2012\Projects\SFML_Platformer - physics\Release\SFML_Platformer.pdb
C:\Users\JJ\Documents\Visual Studio 2012\Projects\SFML_Platformer - physics\Release\SFML_Platformer.exe
