C:\USERS\JJ\DOCUMENTS\VISUAL STUDIO 2012\PROJECTS\SFML_PLATFORMER - PHYSICS\SFML_PLATFORMER\DEBUG\SFML_PLATFORMER.PCH.CODEANALYSIS
C:\USERS\JJ\DOCUMENTS\VISUAL STUDIO 2012\PROJECTS\SFML_PLATFORMER - PHYSICS\SFML_PLATFORMER\DEBUG\SFML_PLATFORMER.PCH.CODEANALYSISAST
C:\USERS\JJ\DOCUMENTS\VISUAL STUDIO 2012\PROJECTS\SFML_PLATFORMER - PHYSICS\SFML_PLATFORMER\DEBUG\STDAFX.CPP.NATIVECODEANALYSIS.XML
C:\USERS\JJ\DOCUMENTS\VISUAL STUDIO 2012\PROJECTS\SFML_PLATFORMER - PHYSICS\SFML_PLATFORMER\DEBUG\STDAFX.OBJ
C:\USERS\JJ\DOCUMENTS\VISUAL STUDIO 2012\PROJECTS\SFML_PLATFORMER - PHYSICS\SFML_PLATFORMER\DEBUG\VC110.PDB
C:\USERS\JJ\DOCUMENTS\VISUAL STUDIO 2012\PROJECTS\SFML_PLATFORMER - PHYSICS\SFML_PLATFORMER\DEBUG\SFML_PLATFORMER.PCH
C:\USERS\JJ\DOCUMENTS\VISUAL STUDIO 2012\PROJECTS\SFML_PLATFORMER - PHYSICS\SFML_PLATFORMER\DEBUG\GAME.CPP.NATIVECODEANALYSIS.XML
C:\USERS\JJ\DOCUMENTS\VISUAL STUDIO 2012\PROJECTS\SFML_PLATFORMER - PHYSICS\SFML_PLATFORMER\DEBUG\GAME.OBJ
C:\USERS\JJ\DOCUMENTS\VISUAL STUDIO 2012\PROJECTS\SFML_PLATFORMER - PHYSICS\SFML_PLATFORMER\DEBUG\GAMEOBJECTMANAGER.CPP.NATIVECODEANALYSIS.XML
C:\USERS\JJ\DOCUMENTS\VISUAL STUDIO 2012\PROJECTS\SFML_PLATFORMER - PHYSICS\SFML_PLATFORMER\DEBUG\GAMEOBJECTMANAGER.OBJ
C:\USERS\JJ\DOCUMENTS\VISUAL STUDIO 2012\PROJECTS\SFML_PLATFORMER - PHYSICS\SFML_PLATFORMER\DEBUG\MAINMENU.CPP.NATIVECODEANALYSIS.XML
C:\USERS\JJ\DOCUMENTS\VISUAL STUDIO 2012\PROJECTS\SFML_PLATFORMER - PHYSICS\SFML_PLATFORMER\DEBUG\MAINMENU.OBJ
C:\USERS\JJ\DOCUMENTS\VISUAL STUDIO 2012\PROJECTS\SFML_PLATFORMER - PHYSICS\SFML_PLATFORMER\DEBUG\NEWTONIANOBJECT.CPP.NATIVECODEANALYSIS.XML
C:\USERS\JJ\DOCUMENTS\VISUAL STUDIO 2012\PROJECTS\SFML_PLATFORMER - PHYSICS\SFML_PLATFORMER\DEBUG\NEWTONIANOBJECT.OBJ
C:\USERS\JJ\DOCUMENTS\VISUAL STUDIO 2012\PROJECTS\SFML_PLATFORMER - PHYSICS\SFML_PLATFORMER\DEBUG\PLATFORM.CPP.NATIVECODEANALYSIS.XML
C:\USERS\JJ\DOCUMENTS\VISUAL STUDIO 2012\PROJECTS\SFML_PLATFORMER - PHYSICS\SFML_PLATFORMER\DEBUG\PLATFORM.OBJ
C:\USERS\JJ\DOCUMENTS\VISUAL STUDIO 2012\PROJECTS\SFML_PLATFORMER - PHYSICS\SFML_PLATFORMER\DEBUG\PLAYERHERO.CPP.NATIVECODEANALYSIS.XML
C:\USERS\JJ\DOCUMENTS\VISUAL STUDIO 2012\PROJECTS\SFML_PLATFORMER - PHYSICS\SFML_PLATFORMER\DEBUG\PLAYERHERO.OBJ
C:\USERS\JJ\DOCUMENTS\VISUAL STUDIO 2012\PROJECTS\SFML_PLATFORMER - PHYSICS\SFML_PLATFORMER\DEBUG\SFML_PLATFORMER.CPP.NATIVECODEANALYSIS.XML
C:\USERS\JJ\DOCUMENTS\VISUAL STUDIO 2012\PROJECTS\SFML_PLATFORMER - PHYSICS\SFML_PLATFORMER\DEBUG\SPLASHSCREEN.CPP.NATIVECODEANALYSIS.XML
C:\USERS\JJ\DOCUMENTS\VISUAL STUDIO 2012\PROJECTS\SFML_PLATFORMER - PHYSICS\SFML_PLATFORMER\DEBUG\SPLASHSCREEN.OBJ
C:\USERS\JJ\DOCUMENTS\VISUAL STUDIO 2012\PROJECTS\SFML_PLATFORMER - PHYSICS\SFML_PLATFORMER\DEBUG\VISIBLEGAMEOBJECT.CPP.NATIVECODEANALYSIS.XML
C:\USERS\JJ\DOCUMENTS\VISUAL STUDIO 2012\PROJECTS\SFML_PLATFORMER - PHYSICS\SFML_PLATFORMER\DEBUG\VISIBLEGAMEOBJECT.OBJ
C:\USERS\JJ\DOCUMENTS\VISUAL STUDIO 2012\PROJECTS\SFML_PLATFORMER - PHYSICS\SFML_PLATFORMER\DEBUG\SFML_PLATFORMER.OBJ
C:\USERS\JJ\DOCUMENTS\VISUAL STUDIO 2012\PROJECTS\SFML_PLATFORMER - PHYSICS\DEBUG\SFML_PLATFORMER.ILK
C:\USERS\JJ\DOCUMENTS\VISUAL STUDIO 2012\PROJECTS\SFML_PLATFORMER - PHYSICS\DEBUG\SFML_PLATFORMER.EXE
C:\USERS\JJ\DOCUMENTS\VISUAL STUDIO 2012\PROJECTS\SFML_PLATFORMER - PHYSICS\DEBUG\SFML_PLATFORMER.PDB
C:\Users\JJ\Documents\Visual Studio 2012\Projects\SFML_Platformer - physics\SFML_Platformer\Debug\Game.obj
C:\Users\JJ\Documents\Visual Studio 2012\Projects\SFML_Platformer - physics\SFML_Platformer\Debug\GameObjectManager.obj
C:\Users\JJ\Documents\Visual Studio 2012\Projects\SFML_Platformer - physics\SFML_Platformer\Debug\MainMenu.obj
C:\Users\JJ\Documents\Visual Studio 2012\Projects\SFML_Platformer - physics\SFML_Platformer\Debug\NewtonianObject.obj
C:\Users\JJ\Documents\Visual Studio 2012\Projects\SFML_Platformer - physics\SFML_Platformer\Debug\Platform.obj
C:\Users\JJ\Documents\Visual Studio 2012\Projects\SFML_Platformer - physics\SFML_Platformer\Debug\PlayerHero.obj
C:\Users\JJ\Documents\Visual Studio 2012\Projects\SFML_Platformer - physics\SFML_Platformer\Debug\SFML_Platformer.obj
C:\Users\JJ\Documents\Visual Studio 2012\Projects\SFML_Platformer - physics\SFML_Platformer\Debug\SplashScreen.obj
C:\Users\JJ\Documents\Visual Studio 2012\Projects\SFML_Platformer - physics\SFML_Platformer\Debug\stdafx.obj
C:\Users\JJ\Documents\Visual Studio 2012\Projects\SFML_Platformer - physics\SFML_Platformer\Debug\VisibleGameObject.obj
C:\Users\JJ\Documents\Visual Studio 2012\Projects\SFML_Platformer - physics\SFML_Platformer\Debug\cl.command.1.tlog
C:\Users\JJ\Documents\Visual Studio 2012\Projects\SFML_Platformer - physics\SFML_Platformer\Debug\CL.read.1.tlog
C:\Users\JJ\Documents\Visual Studio 2012\Projects\SFML_Platformer - physics\SFML_Platformer\Debug\CL.write.1.tlog
C:\Users\JJ\Documents\Visual Studio 2012\Projects\SFML_Platformer - physics\SFML_Platformer\Debug\link-cvtres.read.1.tlog
C:\Users\JJ\Documents\Visual Studio 2012\Projects\SFML_Platformer - physics\SFML_Platformer\Debug\link-cvtres.write.1.tlog
C:\Users\JJ\Documents\Visual Studio 2012\Projects\SFML_Platformer - physics\SFML_Platformer\Debug\link-rc.read.1.tlog
C:\Users\JJ\Documents\Visual Studio 2012\Projects\SFML_Platformer - physics\SFML_Platformer\Debug\link-rc.write.1.tlog
C:\Users\JJ\Documents\Visual Studio 2012\Projects\SFML_Platformer - physics\SFML_Platformer\Debug\link.1160-cvtres.read.1.tlog
C:\Users\JJ\Documents\Visual Studio 2012\Projects\SFML_Platformer - physics\SFML_Platformer\Debug\link.1160-cvtres.write.1.tlog
C:\Users\JJ\Documents\Visual Studio 2012\Projects\SFML_Platformer - physics\SFML_Platformer\Debug\link.1160-rc.read.1.tlog
C:\Users\JJ\Documents\Visual Studio 2012\Projects\SFML_Platformer - physics\SFML_Platformer\Debug\link.1160-rc.write.1.tlog
C:\Users\JJ\Documents\Visual Studio 2012\Projects\SFML_Platformer - physics\SFML_Platformer\Debug\link.1160.read.1.tlog
C:\Users\JJ\Documents\Visual Studio 2012\Projects\SFML_Platformer - physics\SFML_Platformer\Debug\link.1160.write.1.tlog
C:\Users\JJ\Documents\Visual Studio 2012\Projects\SFML_Platformer - physics\SFML_Platformer\Debug\link.1280-cvtres.read.1.tlog
C:\Users\JJ\Documents\Visual Studio 2012\Projects\SFML_Platformer - physics\SFML_Platformer\Debug\link.1280-cvtres.write.1.tlog
C:\Users\JJ\Documents\Visual Studio 2012\Projects\SFML_Platformer - physics\SFML_Platformer\Debug\link.1280-rc.read.1.tlog
C:\Users\JJ\Documents\Visual Studio 2012\Projects\SFML_Platformer - physics\SFML_Platformer\Debug\link.1280-rc.write.1.tlog
C:\Users\JJ\Documents\Visual Studio 2012\Projects\SFML_Platformer - physics\SFML_Platformer\Debug\link.1280.read.1.tlog
C:\Users\JJ\Documents\Visual Studio 2012\Projects\SFML_Platformer - physics\SFML_Platformer\Debug\link.1280.write.1.tlog
C:\Users\JJ\Documents\Visual Studio 2012\Projects\SFML_Platformer - physics\SFML_Platformer\Debug\link.1384-cvtres.read.1.tlog
C:\Users\JJ\Documents\Visual Studio 2012\Projects\SFML_Platformer - physics\SFML_Platformer\Debug\link.1384-cvtres.write.1.tlog
C:\Users\JJ\Documents\Visual Studio 2012\Projects\SFML_Platformer - physics\SFML_Platformer\Debug\link.1384-rc.read.1.tlog
C:\Users\JJ\Documents\Visual Studio 2012\Projects\SFML_Platformer - physics\SFML_Platformer\Debug\link.1384-rc.write.1.tlog
C:\Users\JJ\Documents\Visual Studio 2012\Projects\SFML_Platformer - physics\SFML_Platformer\Debug\link.1384.read.1.tlog
C:\Users\JJ\Documents\Visual Studio 2012\Projects\SFML_Platformer - physics\SFML_Platformer\Debug\link.1384.write.1.tlog
C:\Users\JJ\Documents\Visual Studio 2012\Projects\SFML_Platformer - physics\SFML_Platformer\Debug\link.1492-cvtres.read.1.tlog
C:\Users\JJ\Documents\Visual Studio 2012\Projects\SFML_Platformer - physics\SFML_Platformer\Debug\link.1492-cvtres.write.1.tlog
C:\Users\JJ\Documents\Visual Studio 2012\Projects\SFML_Platformer - physics\SFML_Platformer\Debug\link.1492-rc.read.1.tlog
C:\Users\JJ\Documents\Visual Studio 2012\Projects\SFML_Platformer - physics\SFML_Platformer\Debug\link.1492-rc.write.1.tlog
C:\Users\JJ\Documents\Visual Studio 2012\Projects\SFML_Platformer - physics\SFML_Platformer\Debug\link.1492.read.1.tlog
C:\Users\JJ\Documents\Visual Studio 2012\Projects\SFML_Platformer - physics\SFML_Platformer\Debug\link.1492.write.1.tlog
C:\Users\JJ\Documents\Visual Studio 2012\Projects\SFML_Platformer - physics\SFML_Platformer\Debug\link.1548-cvtres.read.1.tlog
C:\Users\JJ\Documents\Visual Studio 2012\Projects\SFML_Platformer - physics\SFML_Platformer\Debug\link.1548-cvtres.write.1.tlog
C:\Users\JJ\Documents\Visual Studio 2012\Projects\SFML_Platformer - physics\SFML_Platformer\Debug\link.1548-rc.read.1.tlog
C:\Users\JJ\Documents\Visual Studio 2012\Projects\SFML_Platformer - physics\SFML_Platformer\Debug\link.1548-rc.write.1.tlog
C:\Users\JJ\Documents\Visual Studio 2012\Projects\SFML_Platformer - physics\SFML_Platformer\Debug\link.1548.read.1.tlog
C:\Users\JJ\Documents\Visual Studio 2012\Projects\SFML_Platformer - physics\SFML_Platformer\Debug\link.1548.write.1.tlog
C:\Users\JJ\Documents\Visual Studio 2012\Projects\SFML_Platformer - physics\SFML_Platformer\Debug\link.2144-cvtres.read.1.tlog
C:\Users\JJ\Documents\Visual Studio 2012\Projects\SFML_Platformer - physics\SFML_Platformer\Debug\link.2144-cvtres.write.1.tlog
C:\Users\JJ\Documents\Visual Studio 2012\Projects\SFML_Platformer - physics\SFML_Platformer\Debug\link.2144-rc.read.1.tlog
C:\Users\JJ\Documents\Visual Studio 2012\Projects\SFML_Platformer - physics\SFML_Platformer\Debug\link.2144-rc.write.1.tlog
C:\Users\JJ\Documents\Visual Studio 2012\Projects\SFML_Platformer - physics\SFML_Platformer\Debug\link.2144.read.1.tlog
C:\Users\JJ\Documents\Visual Studio 2012\Projects\SFML_Platformer - physics\SFML_Platformer\Debug\link.2144.write.1.tlog
C:\Users\JJ\Documents\Visual Studio 2012\Projects\SFML_Platformer - physics\SFML_Platformer\Debug\link.2188-cvtres.read.1.tlog
C:\Users\JJ\Documents\Visual Studio 2012\Projects\SFML_Platformer - physics\SFML_Platformer\Debug\link.2188-cvtres.write.1.tlog
C:\Users\JJ\Documents\Visual Studio 2012\Projects\SFML_Platformer - physics\SFML_Platformer\Debug\link.2188-rc.read.1.tlog
C:\Users\JJ\Documents\Visual Studio 2012\Projects\SFML_Platformer - physics\SFML_Platformer\Debug\link.2188-rc.write.1.tlog
C:\Users\JJ\Documents\Visual Studio 2012\Projects\SFML_Platformer - physics\SFML_Platformer\Debug\link.2188.read.1.tlog
C:\Users\JJ\Documents\Visual Studio 2012\Projects\SFML_Platformer - physics\SFML_Platformer\Debug\link.2188.write.1.tlog
C:\Users\JJ\Documents\Visual Studio 2012\Projects\SFML_Platformer - physics\SFML_Platformer\Debug\link.2316-cvtres.read.1.tlog
C:\Users\JJ\Documents\Visual Studio 2012\Projects\SFML_Platformer - physics\SFML_Platformer\Debug\link.2316-cvtres.write.1.tlog
C:\Users\JJ\Documents\Visual Studio 2012\Projects\SFML_Platformer - physics\SFML_Platformer\Debug\link.2316-rc.read.1.tlog
C:\Users\JJ\Documents\Visual Studio 2012\Projects\SFML_Platformer - physics\SFML_Platformer\Debug\link.2316-rc.write.1.tlog
C:\Users\JJ\Documents\Visual Studio 2012\Projects\SFML_Platformer - physics\SFML_Platformer\Debug\link.2316.read.1.tlog
C:\Users\JJ\Documents\Visual Studio 2012\Projects\SFML_Platformer - physics\SFML_Platformer\Debug\link.2316.write.1.tlog
C:\Users\JJ\Documents\Visual Studio 2012\Projects\SFML_Platformer - physics\SFML_Platformer\Debug\link.2428-cvtres.read.1.tlog
C:\Users\JJ\Documents\Visual Studio 2012\Projects\SFML_Platformer - physics\SFML_Platformer\Debug\link.2428-cvtres.write.1.tlog
C:\Users\JJ\Documents\Visual Studio 2012\Projects\SFML_Platformer - physics\SFML_Platformer\Debug\link.2428-rc.read.1.tlog
C:\Users\JJ\Documents\Visual Studio 2012\Projects\SFML_Platformer - physics\SFML_Platformer\Debug\link.2428-rc.write.1.tlog
C:\Users\JJ\Documents\Visual Studio 2012\Projects\SFML_Platformer - physics\SFML_Platformer\Debug\link.2428.read.1.tlog
C:\Users\JJ\Documents\Visual Studio 2012\Projects\SFML_Platformer - physics\SFML_Platformer\Debug\link.2428.write.1.tlog
C:\Users\JJ\Documents\Visual Studio 2012\Projects\SFML_Platformer - physics\SFML_Platformer\Debug\link.2452-cvtres.read.1.tlog
C:\Users\JJ\Documents\Visual Studio 2012\Projects\SFML_Platformer - physics\SFML_Platformer\Debug\link.2452-cvtres.write.1.tlog
C:\Users\JJ\Documents\Visual Studio 2012\Projects\SFML_Platformer - physics\SFML_Platformer\Debug\link.2452-rc.read.1.tlog
C:\Users\JJ\Documents\Visual Studio 2012\Projects\SFML_Platformer - physics\SFML_Platformer\Debug\link.2452-rc.write.1.tlog
C:\Users\JJ\Documents\Visual Studio 2012\Projects\SFML_Platformer - physics\SFML_Platformer\Debug\link.2452.read.1.tlog
C:\Users\JJ\Documents\Visual Studio 2012\Projects\SFML_Platformer - physics\SFML_Platformer\Debug\link.2452.write.1.tlog
C:\Users\JJ\Documents\Visual Studio 2012\Projects\SFML_Platformer - physics\SFML_Platformer\Debug\link.2700-cvtres.read.1.tlog
C:\Users\JJ\Documents\Visual Studio 2012\Projects\SFML_Platformer - physics\SFML_Platformer\Debug\link.2700-cvtres.write.1.tlog
C:\Users\JJ\Documents\Visual Studio 2012\Projects\SFML_Platformer - physics\SFML_Platformer\Debug\link.2700-rc.read.1.tlog
C:\Users\JJ\Documents\Visual Studio 2012\Projects\SFML_Platformer - physics\SFML_Platformer\Debug\link.2700-rc.write.1.tlog
C:\Users\JJ\Documents\Visual Studio 2012\Projects\SFML_Platformer - physics\SFML_Platformer\Debug\link.2700.read.1.tlog
C:\Users\JJ\Documents\Visual Studio 2012\Projects\SFML_Platformer - physics\SFML_Platformer\Debug\link.2700.write.1.tlog
C:\Users\JJ\Documents\Visual Studio 2012\Projects\SFML_Platformer - physics\SFML_Platformer\Debug\link.2956-cvtres.read.1.tlog
C:\Users\JJ\Documents\Visual Studio 2012\Projects\SFML_Platformer - physics\SFML_Platformer\Debug\link.2956-cvtres.write.1.tlog
C:\Users\JJ\Documents\Visual Studio 2012\Projects\SFML_Platformer - physics\SFML_Platformer\Debug\link.2956-rc.read.1.tlog
C:\Users\JJ\Documents\Visual Studio 2012\Projects\SFML_Platformer - physics\SFML_Platformer\Debug\link.2956-rc.write.1.tlog
C:\Users\JJ\Documents\Visual Studio 2012\Projects\SFML_Platformer - physics\SFML_Platformer\Debug\link.2956.read.1.tlog
C:\Users\JJ\Documents\Visual Studio 2012\Projects\SFML_Platformer - physics\SFML_Platformer\Debug\link.2956.write.1.tlog
C:\Users\JJ\Documents\Visual Studio 2012\Projects\SFML_Platformer - physics\SFML_Platformer\Debug\link.2968-cvtres.read.1.tlog
C:\Users\JJ\Documents\Visual Studio 2012\Projects\SFML_Platformer - physics\SFML_Platformer\Debug\link.2968-cvtres.write.1.tlog
C:\Users\JJ\Documents\Visual Studio 2012\Projects\SFML_Platformer - physics\SFML_Platformer\Debug\link.2968-rc.read.1.tlog
C:\Users\JJ\Documents\Visual Studio 2012\Projects\SFML_Platformer - physics\SFML_Platformer\Debug\link.2968-rc.write.1.tlog
C:\Users\JJ\Documents\Visual Studio 2012\Projects\SFML_Platformer - physics\SFML_Platformer\Debug\link.2968.read.1.tlog
C:\Users\JJ\Documents\Visual Studio 2012\Projects\SFML_Platformer - physics\SFML_Platformer\Debug\link.2968.write.1.tlog
C:\Users\JJ\Documents\Visual Studio 2012\Projects\SFML_Platformer - physics\SFML_Platformer\Debug\link.3076-cvtres.read.1.tlog
C:\Users\JJ\Documents\Visual Studio 2012\Projects\SFML_Platformer - physics\SFML_Platformer\Debug\link.3076-cvtres.write.1.tlog
C:\Users\JJ\Documents\Visual Studio 2012\Projects\SFML_Platformer - physics\SFML_Platformer\Debug\link.3076-rc.read.1.tlog
C:\Users\JJ\Documents\Visual Studio 2012\Projects\SFML_Platformer - physics\SFML_Platformer\Debug\link.3076-rc.write.1.tlog
C:\Users\JJ\Documents\Visual Studio 2012\Projects\SFML_Platformer - physics\SFML_Platformer\Debug\link.3076.read.1.tlog
C:\Users\JJ\Documents\Visual Studio 2012\Projects\SFML_Platformer - physics\SFML_Platformer\Debug\link.3076.write.1.tlog
C:\Users\JJ\Documents\Visual Studio 2012\Projects\SFML_Platformer - physics\SFML_Platformer\Debug\link.3132-cvtres.read.1.tlog
C:\Users\JJ\Documents\Visual Studio 2012\Projects\SFML_Platformer - physics\SFML_Platformer\Debug\link.3132-cvtres.write.1.tlog
C:\Users\JJ\Documents\Visual Studio 2012\Projects\SFML_Platformer - physics\SFML_Platformer\Debug\link.3132-rc.read.1.tlog
C:\Users\JJ\Documents\Visual Studio 2012\Projects\SFML_Platformer - physics\SFML_Platformer\Debug\link.3132-rc.write.1.tlog
C:\Users\JJ\Documents\Visual Studio 2012\Projects\SFML_Platformer - physics\SFML_Platformer\Debug\link.3132.read.1.tlog
C:\Users\JJ\Documents\Visual Studio 2012\Projects\SFML_Platformer - physics\SFML_Platformer\Debug\link.3132.write.1.tlog
C:\Users\JJ\Documents\Visual Studio 2012\Projects\SFML_Platformer - physics\SFML_Platformer\Debug\link.3312-cvtres.read.1.tlog
C:\Users\JJ\Documents\Visual Studio 2012\Projects\SFML_Platformer - physics\SFML_Platformer\Debug\link.3312-cvtres.write.1.tlog
C:\Users\JJ\Documents\Visual Studio 2012\Projects\SFML_Platformer - physics\SFML_Platformer\Debug\link.3312-rc.read.1.tlog
C:\Users\JJ\Documents\Visual Studio 2012\Projects\SFML_Platformer - physics\SFML_Platformer\Debug\link.3312-rc.write.1.tlog
C:\Users\JJ\Documents\Visual Studio 2012\Projects\SFML_Platformer - physics\SFML_Platformer\Debug\link.3312.read.1.tlog
C:\Users\JJ\Documents\Visual Studio 2012\Projects\SFML_Platformer - physics\SFML_Platformer\Debug\link.3312.write.1.tlog
C:\Users\JJ\Documents\Visual Studio 2012\Projects\SFML_Platformer - physics\SFML_Platformer\Debug\link.3360-cvtres.read.1.tlog
C:\Users\JJ\Documents\Visual Studio 2012\Projects\SFML_Platformer - physics\SFML_Platformer\Debug\link.3360-cvtres.write.1.tlog
C:\Users\JJ\Documents\Visual Studio 2012\Projects\SFML_Platformer - physics\SFML_Platformer\Debug\link.3360-rc.read.1.tlog
C:\Users\JJ\Documents\Visual Studio 2012\Projects\SFML_Platformer - physics\SFML_Platformer\Debug\link.3360-rc.write.1.tlog
C:\Users\JJ\Documents\Visual Studio 2012\Projects\SFML_Platformer - physics\SFML_Platformer\Debug\link.3360.read.1.tlog
C:\Users\JJ\Documents\Visual Studio 2012\Projects\SFML_Platformer - physics\SFML_Platformer\Debug\link.3360.write.1.tlog
C:\Users\JJ\Documents\Visual Studio 2012\Projects\SFML_Platformer - physics\SFML_Platformer\Debug\link.380-cvtres.read.1.tlog
C:\Users\JJ\Documents\Visual Studio 2012\Projects\SFML_Platformer - physics\SFML_Platformer\Debug\link.380-cvtres.write.1.tlog
C:\Users\JJ\Documents\Visual Studio 2012\Projects\SFML_Platformer - physics\SFML_Platformer\Debug\link.380-rc.read.1.tlog
C:\Users\JJ\Documents\Visual Studio 2012\Projects\SFML_Platformer - physics\SFML_Platformer\Debug\link.380-rc.write.1.tlog
C:\Users\JJ\Documents\Visual Studio 2012\Projects\SFML_Platformer - physics\SFML_Platformer\Debug\link.380.read.1.tlog
C:\Users\JJ\Documents\Visual Studio 2012\Projects\SFML_Platformer - physics\SFML_Platformer\Debug\link.380.write.1.tlog
C:\Users\JJ\Documents\Visual Studio 2012\Projects\SFML_Platformer - physics\SFML_Platformer\Debug\link.3888-cvtres.read.1.tlog
C:\Users\JJ\Documents\Visual Studio 2012\Projects\SFML_Platformer - physics\SFML_Platformer\Debug\link.3888-cvtres.write.1.tlog
C:\Users\JJ\Documents\Visual Studio 2012\Projects\SFML_Platformer - physics\SFML_Platformer\Debug\link.3888-rc.read.1.tlog
C:\Users\JJ\Documents\Visual Studio 2012\Projects\SFML_Platformer - physics\SFML_Platformer\Debug\link.3888-rc.write.1.tlog
C:\Users\JJ\Documents\Visual Studio 2012\Projects\SFML_Platformer - physics\SFML_Platformer\Debug\link.3888.read.1.tlog
C:\Users\JJ\Documents\Visual Studio 2012\Projects\SFML_Platformer - physics\SFML_Platformer\Debug\link.3888.write.1.tlog
C:\Users\JJ\Documents\Visual Studio 2012\Projects\SFML_Platformer - physics\SFML_Platformer\Debug\link.3896-cvtres.read.1.tlog
C:\Users\JJ\Documents\Visual Studio 2012\Projects\SFML_Platformer - physics\SFML_Platformer\Debug\link.3896-cvtres.write.1.tlog
C:\Users\JJ\Documents\Visual Studio 2012\Projects\SFML_Platformer - physics\SFML_Platformer\Debug\link.3896-rc.read.1.tlog
C:\Users\JJ\Documents\Visual Studio 2012\Projects\SFML_Platformer - physics\SFML_Platformer\Debug\link.3896-rc.write.1.tlog
C:\Users\JJ\Documents\Visual Studio 2012\Projects\SFML_Platformer - physics\SFML_Platformer\Debug\link.3896.read.1.tlog
C:\Users\JJ\Documents\Visual Studio 2012\Projects\SFML_Platformer - physics\SFML_Platformer\Debug\link.3896.write.1.tlog
C:\Users\JJ\Documents\Visual Studio 2012\Projects\SFML_Platformer - physics\SFML_Platformer\Debug\link.4292-cvtres.read.1.tlog
C:\Users\JJ\Documents\Visual Studio 2012\Projects\SFML_Platformer - physics\SFML_Platformer\Debug\link.4292-cvtres.write.1.tlog
C:\Users\JJ\Documents\Visual Studio 2012\Projects\SFML_Platformer - physics\SFML_Platformer\Debug\link.4292-rc.read.1.tlog
C:\Users\JJ\Documents\Visual Studio 2012\Projects\SFML_Platformer - physics\SFML_Platformer\Debug\link.4292-rc.write.1.tlog
C:\Users\JJ\Documents\Visual Studio 2012\Projects\SFML_Platformer - physics\SFML_Platformer\Debug\link.4292.read.1.tlog
C:\Users\JJ\Documents\Visual Studio 2012\Projects\SFML_Platformer - physics\SFML_Platformer\Debug\link.4292.write.1.tlog
C:\Users\JJ\Documents\Visual Studio 2012\Projects\SFML_Platformer - physics\SFML_Platformer\Debug\link.4440-cvtres.read.1.tlog
C:\Users\JJ\Documents\Visual Studio 2012\Projects\SFML_Platformer - physics\SFML_Platformer\Debug\link.4440-cvtres.write.1.tlog
C:\Users\JJ\Documents\Visual Studio 2012\Projects\SFML_Platformer - physics\SFML_Platformer\Debug\link.4440-rc.read.1.tlog
C:\Users\JJ\Documents\Visual Studio 2012\Projects\SFML_Platformer - physics\SFML_Platformer\Debug\link.4440-rc.write.1.tlog
C:\Users\JJ\Documents\Visual Studio 2012\Projects\SFML_Platformer - physics\SFML_Platformer\Debug\link.4440.read.1.tlog
C:\Users\JJ\Documents\Visual Studio 2012\Projects\SFML_Platformer - physics\SFML_Platformer\Debug\link.4440.write.1.tlog
C:\Users\JJ\Documents\Visual Studio 2012\Projects\SFML_Platformer - physics\SFML_Platformer\Debug\link.4516-cvtres.read.1.tlog
C:\Users\JJ\Documents\Visual Studio 2012\Projects\SFML_Platformer - physics\SFML_Platformer\Debug\link.4516-cvtres.write.1.tlog
C:\Users\JJ\Documents\Visual Studio 2012\Projects\SFML_Platformer - physics\SFML_Platformer\Debug\link.4516-rc.read.1.tlog
C:\Users\JJ\Documents\Visual Studio 2012\Projects\SFML_Platformer - physics\SFML_Platformer\Debug\link.4516-rc.write.1.tlog
C:\Users\JJ\Documents\Visual Studio 2012\Projects\SFML_Platformer - physics\SFML_Platformer\Debug\link.4516.read.1.tlog
C:\Users\JJ\Documents\Visual Studio 2012\Projects\SFML_Platformer - physics\SFML_Platformer\Debug\link.4516.write.1.tlog
C:\Users\JJ\Documents\Visual Studio 2012\Projects\SFML_Platformer - physics\SFML_Platformer\Debug\link.4652-cvtres.read.1.tlog
C:\Users\JJ\Documents\Visual Studio 2012\Projects\SFML_Platformer - physics\SFML_Platformer\Debug\link.4652-cvtres.write.1.tlog
C:\Users\JJ\Documents\Visual Studio 2012\Projects\SFML_Platformer - physics\SFML_Platformer\Debug\link.4652-rc.read.1.tlog
C:\Users\JJ\Documents\Visual Studio 2012\Projects\SFML_Platformer - physics\SFML_Platformer\Debug\link.4652-rc.write.1.tlog
C:\Users\JJ\Documents\Visual Studio 2012\Projects\SFML_Platformer - physics\SFML_Platformer\Debug\link.4652.read.1.tlog
C:\Users\JJ\Documents\Visual Studio 2012\Projects\SFML_Platformer - physics\SFML_Platformer\Debug\link.4652.write.1.tlog
C:\Users\JJ\Documents\Visual Studio 2012\Projects\SFML_Platformer - physics\SFML_Platformer\Debug\link.5308-cvtres.read.1.tlog
C:\Users\JJ\Documents\Visual Studio 2012\Projects\SFML_Platformer - physics\SFML_Platformer\Debug\link.5308-cvtres.write.1.tlog
C:\Users\JJ\Documents\Visual Studio 2012\Projects\SFML_Platformer - physics\SFML_Platformer\Debug\link.5308-rc.read.1.tlog
C:\Users\JJ\Documents\Visual Studio 2012\Projects\SFML_Platformer - physics\SFML_Platformer\Debug\link.5308-rc.write.1.tlog
C:\Users\JJ\Documents\Visual Studio 2012\Projects\SFML_Platformer - physics\SFML_Platformer\Debug\link.5308.read.1.tlog
C:\Users\JJ\Documents\Visual Studio 2012\Projects\SFML_Platformer - physics\SFML_Platformer\Debug\link.5308.write.1.tlog
C:\Users\JJ\Documents\Visual Studio 2012\Projects\SFML_Platformer - physics\SFML_Platformer\Debug\link.5532-cvtres.read.1.tlog
C:\Users\JJ\Documents\Visual Studio 2012\Projects\SFML_Platformer - physics\SFML_Platformer\Debug\link.5532-cvtres.write.1.tlog
C:\Users\JJ\Documents\Visual Studio 2012\Projects\SFML_Platformer - physics\SFML_Platformer\Debug\link.5532-rc.read.1.tlog
C:\Users\JJ\Documents\Visual Studio 2012\Projects\SFML_Platformer - physics\SFML_Platformer\Debug\link.5532-rc.write.1.tlog
C:\Users\JJ\Documents\Visual Studio 2012\Projects\SFML_Platformer - physics\SFML_Platformer\Debug\link.5532.read.1.tlog
C:\Users\JJ\Documents\Visual Studio 2012\Projects\SFML_Platformer - physics\SFML_Platformer\Debug\link.5532.write.1.tlog
C:\Users\JJ\Documents\Visual Studio 2012\Projects\SFML_Platformer - physics\SFML_Platformer\Debug\link.5680-cvtres.read.1.tlog
C:\Users\JJ\Documents\Visual Studio 2012\Projects\SFML_Platformer - physics\SFML_Platformer\Debug\link.5680-cvtres.write.1.tlog
C:\Users\JJ\Documents\Visual Studio 2012\Projects\SFML_Platformer - physics\SFML_Platformer\Debug\link.5680-rc.read.1.tlog
C:\Users\JJ\Documents\Visual Studio 2012\Projects\SFML_Platformer - physics\SFML_Platformer\Debug\link.5680-rc.write.1.tlog
C:\Users\JJ\Documents\Visual Studio 2012\Projects\SFML_Platformer - physics\SFML_Platformer\Debug\link.5680.read.1.tlog
C:\Users\JJ\Documents\Visual Studio 2012\Projects\SFML_Platformer - physics\SFML_Platformer\Debug\link.5680.write.1.tlog
C:\Users\JJ\Documents\Visual Studio 2012\Projects\SFML_Platformer - physics\SFML_Platformer\Debug\link.620-cvtres.read.1.tlog
C:\Users\JJ\Documents\Visual Studio 2012\Projects\SFML_Platformer - physics\SFML_Platformer\Debug\link.620-cvtres.write.1.tlog
C:\Users\JJ\Documents\Visual Studio 2012\Projects\SFML_Platformer - physics\SFML_Platformer\Debug\link.620-rc.read.1.tlog
C:\Users\JJ\Documents\Visual Studio 2012\Projects\SFML_Platformer - physics\SFML_Platformer\Debug\link.620-rc.write.1.tlog
C:\Users\JJ\Documents\Visual Studio 2012\Projects\SFML_Platformer - physics\SFML_Platformer\Debug\link.620.read.1.tlog
C:\Users\JJ\Documents\Visual Studio 2012\Projects\SFML_Platformer - physics\SFML_Platformer\Debug\link.620.write.1.tlog
C:\Users\JJ\Documents\Visual Studio 2012\Projects\SFML_Platformer - physics\SFML_Platformer\Debug\link.624-cvtres.read.1.tlog
C:\Users\JJ\Documents\Visual Studio 2012\Projects\SFML_Platformer - physics\SFML_Platformer\Debug\link.624-cvtres.write.1.tlog
C:\Users\JJ\Documents\Visual Studio 2012\Projects\SFML_Platformer - physics\SFML_Platformer\Debug\link.624-rc.read.1.tlog
C:\Users\JJ\Documents\Visual Studio 2012\Projects\SFML_Platformer - physics\SFML_Platformer\Debug\link.624-rc.write.1.tlog
C:\Users\JJ\Documents\Visual Studio 2012\Projects\SFML_Platformer - physics\SFML_Platformer\Debug\link.624.read.1.tlog
C:\Users\JJ\Documents\Visual Studio 2012\Projects\SFML_Platformer - physics\SFML_Platformer\Debug\link.624.write.1.tlog
C:\Users\JJ\Documents\Visual Studio 2012\Projects\SFML_Platformer - physics\SFML_Platformer\Debug\link.command.1.tlog
C:\Users\JJ\Documents\Visual Studio 2012\Projects\SFML_Platformer - physics\SFML_Platformer\Debug\link.read.1.tlog
C:\Users\JJ\Documents\Visual Studio 2012\Projects\SFML_Platformer - physics\SFML_Platformer\Debug\link.write.1.tlog
C:\Users\JJ\Documents\Visual Studio 2012\Projects\SFML_Platformer - physics\SFML_Platformer\Debug\NativeCodeAnalysis.read.1.tlog
C:\Users\JJ\Documents\Visual Studio 2012\Projects\SFML_Platformer - physics\SFML_Platformer\Debug\SFML_Platformer.pch
C:\Users\JJ\Documents\Visual Studio 2012\Projects\SFML_Platformer - physics\SFML_Platformer\Debug\vc110.idb
C:\Users\JJ\Documents\Visual Studio 2012\Projects\SFML_Platformer - physics\SFML_Platformer\Debug\vc110.pdb
C:\Users\JJ\Documents\Visual Studio 2012\Projects\SFML_Platformer - physics\SFML_Platformer\Debug\Game.cpp.nativecodeanalysis.xml
C:\Users\JJ\Documents\Visual Studio 2012\Projects\SFML_Platformer - physics\SFML_Platformer\Debug\GameObjectManager.cpp.nativecodeanalysis.xml
C:\Users\JJ\Documents\Visual Studio 2012\Projects\SFML_Platformer - physics\SFML_Platformer\Debug\MainMenu.cpp.nativecodeanalysis.xml
C:\Users\JJ\Documents\Visual Studio 2012\Projects\SFML_Platformer - physics\SFML_Platformer\Debug\NewtonianObject.cpp.nativecodeanalysis.xml
C:\Users\JJ\Documents\Visual Studio 2012\Projects\SFML_Platformer - physics\SFML_Platformer\Debug\Platform.cpp.nativecodeanalysis.xml
C:\Users\JJ\Documents\Visual Studio 2012\Projects\SFML_Platformer - physics\SFML_Platformer\Debug\PlayerHero.cpp.nativecodeanalysis.xml
C:\Users\JJ\Documents\Visual Studio 2012\Projects\SFML_Platformer - physics\SFML_Platformer\Debug\SFML_Platformer.cpp.nativecodeanalysis.xml
C:\Users\JJ\Documents\Visual Studio 2012\Projects\SFML_Platformer - physics\SFML_Platformer\Debug\SplashScreen.cpp.nativecodeanalysis.xml
C:\Users\JJ\Documents\Visual Studio 2012\Projects\SFML_Platformer - physics\SFML_Platformer\Debug\stdafx.cpp.nativecodeanalysis.xml
C:\Users\JJ\Documents\Visual Studio 2012\Projects\SFML_Platformer - physics\SFML_Platformer\Debug\vc.nativecodeanalysis.all.xml
C:\Users\JJ\Documents\Visual Studio 2012\Projects\SFML_Platformer - physics\SFML_Platformer\Debug\VisibleGameObject.cpp.nativecodeanalysis.xml
C:\Users\JJ\Documents\Visual Studio 2012\Projects\SFML_Platformer - physics\Debug\SFML_Platformer.pdb
C:\Users\JJ\Documents\Visual Studio 2012\Projects\SFML_Platformer - physics\Debug\SFML_Platformer.exe
C:\Users\JJ\Documents\Visual Studio 2012\Projects\SFML_Platformer - physics\Debug\SFML_Platformer.ilk
C:\Users\JJ\Documents\Visual Studio 2012\Projects\SFML_Platformer - physics\Debug\SFML_Platformer.exe.lastcodeanalysissucceeded
